2026-03-08 10:13:26 Loaded main app package /opt/Obsidian/resources/obsidian.asar
2026-03-08 10:13:44 Checking for update using Github
2026-03-08 10:13:44 Success.
2026-03-08 10:13:44 Latest version is 1.12.4
2026-03-08 10:13:44 App is up to date.
2026-03-08 10:13:45 Loaded main app package /opt/Obsidian/resources/obsidian.asar
2026-03-08 10:40:25 Loaded main app package /opt/Obsidian/resources/obsidian.asar
2026-03-08 10:40:25 Checking for update using Github
2026-03-08 10:40:25 Success.
2026-03-08 10:40:25 Latest version is 1.12.4
2026-03-08 10:40:25 App is up to date.
2026-03-08 11:40:25 Checking for update using Github
2026-03-08 11:40:25 Success.
2026-03-08 11:40:25 Latest version is 1.12.4
2026-03-08 11:40:25 App is up to date.
2026-03-08 12:40:25 Checking for update using Github
2026-03-08 12:40:25 Success.
2026-03-08 12:40:25 Latest version is 1.12.4
2026-03-08 12:40:25 App is up to date.
2026-03-08 13:40:25 Checking for update using Github
2026-03-08 13:40:25 Success.
2026-03-08 13:40:25 Latest version is 1.12.4
2026-03-08 13:40:25 App is up to date.
2026-03-08 14:24:14 Loaded main app package /opt/Obsidian/resources/obsidian.asar
2026-03-08 14:24:14 Checking for update using Github
2026-03-08 14:24:14 Success.
2026-03-08 14:24:14 Latest version is 1.12.4
2026-03-08 14:24:14 App is up to date.
2026-03-08 15:18:56 Loaded main app package /opt/Obsidian/resources/obsidian.asar
2026-03-08 15:18:56 Checking for update using Github
2026-03-08 15:18:56 Success.
2026-03-08 15:18:56 Latest version is 1.12.4
2026-03-08 15:18:56 App is up to date.
2026-03-11 05:57:27 Loaded main app package /opt/Obsidian/resources/obsidian.asar
2026-03-11 05:57:28 Checking for update using Github
2026-03-11 05:57:28 Success.
2026-03-11 05:57:28 Latest version is 1.12.4
2026-03-11 05:57:28 App is up to date.
2026-03-11 19:03:26 Loaded main app package /opt/Obsidian/resources/obsidian.asar
2026-03-11 19:03:42 Checking for update using Github
2026-03-11 19:03:42 Loaded main app package /opt/Obsidian/resources/obsidian.asar
2026-03-11 19:03:42 Success.
2026-03-11 19:03:42 Latest version is 1.12.4
2026-03-11 19:03:42 App is up to date.
2026-03-12 17:04:44 Loaded main app package /opt/Obsidian/resources/obsidian.asar
2026-03-12 17:04:45 Checking for update using Github
2026-03-12 17:04:45 Success.
2026-03-12 17:04:45 Latest version is 1.12.4
2026-03-12 17:04:45 App is up to date.
2026-03-15 11:21:23 Loaded main app package /opt/Obsidian/resources/obsidian.asar
2026-03-15 11:21:23 Checking for update using Github
2026-03-15 11:21:24 Success.
2026-03-15 11:21:24 Latest version is 1.12.4
2026-03-15 11:21:24 App is up to date.
2026-03-18 14:47:50 Loaded main app package /opt/Obsidian/resources/obsidian.asar
2026-03-18 14:47:50 Checking for update using Github
2026-03-18 14:47:50 Success.
2026-03-18 14:47:50 Latest version is 1.12.4
2026-03-18 14:47:50 App is up to date.
2026-03-18 15:47:50 Checking for update using Github
2026-03-18 15:47:50 Success.
2026-03-18 15:47:50 Latest version is 1.12.4
2026-03-18 15:47:50 App is up to date.
2026-03-18 16:47:50 Checking for update using Github
2026-03-18 16:47:50 Success.
2026-03-18 16:47:50 Latest version is 1.12.4
2026-03-18 16:47:50 App is up to date.
2026-03-18 17:47:50 Checking for update using Github
2026-03-18 17:47:50 Success.
2026-03-18 17:47:50 Latest version is 1.12.4
2026-03-18 17:47:50 App is up to date.
2026-03-18 18:47:50 Checking for update using Github
2026-03-18 18:47:51 Success.
2026-03-18 18:47:51 Latest version is 1.12.4
2026-03-18 18:47:51 App is up to date.
2026-03-18 19:47:50 Checking for update using Github
2026-03-18 19:47:50 Success.
2026-03-18 19:47:50 Latest version is 1.12.4
2026-03-18 19:47:50 App is up to date.
2026-03-22 14:03:16 Loaded main app package /opt/Obsidian/resources/obsidian.asar
2026-03-22 14:03:16 Checking for update using Github
2026-03-22 14:03:16 Success.
2026-03-22 14:03:16 Latest version is 1.12.4
2026-03-22 14:03:16 App is up to date.
2026-03-27 17:06:37 Loaded main app package /opt/Obsidian/resources/obsidian.asar
2026-03-27 17:06:37 Checking for update using Github
2026-03-27 17:06:37 Success.
2026-03-27 17:06:37 Latest version is 1.12.7
2026-03-27 17:06:37 App is up to date.
2026-04-06 11:59:52 Loaded main app package /opt/Obsidian/resources/obsidian.asar
2026-04-06 11:59:52 Checking for update using Github
2026-04-06 11:59:52 Success.
2026-04-06 11:59:52 Latest version is 1.12.7
2026-04-06 11:59:52 App is up to date.
2026-04-06 14:03:24 Loaded main app package /opt/Obsidian/resources/obsidian.asar
2026-04-06 14:03:25 Checking for update using Github
2026-04-06 14:03:25 Success.
2026-04-06 14:03:25 Latest version is 1.12.7
2026-04-06 14:03:25 App is up to date.
2026-04-06 15:03:24 Checking for update using Github
2026-04-06 15:03:24 Success.
2026-04-06 15:03:24 Latest version is 1.12.7
2026-04-06 15:03:24 App is up to date.
2026-04-06 16:03:24 Checking for update using Github
2026-04-06 16:03:24 Success.
2026-04-06 16:03:24 Latest version is 1.12.7
2026-04-06 16:03:24 App is up to date.
2026-04-06 17:03:24 Checking for update using Github
2026-04-06 17:03:24 Success.
2026-04-06 17:03:24 Latest version is 1.12.7
2026-04-06 17:03:24 App is up to date.
2026-04-06 18:03:25 Checking for update using Github
2026-04-06 18:03:25 Success.
2026-04-06 18:03:25 Latest version is 1.12.7
2026-04-06 18:03:25 App is up to date.
2026-04-06 19:03:25 Checking for update using Github
2026-04-06 19:03:25 Success.
2026-04-06 19:03:25 Latest version is 1.12.7
2026-04-06 19:03:25 App is up to date.
2026-04-07 15:44:21 Loaded main app package /opt/Obsidian/resources/obsidian.asar
2026-04-07 15:44:22 Checking for update using Github
2026-04-07 15:44:22 Success.
2026-04-07 15:44:22 Latest version is 1.12.7
2026-04-07 15:44:22 App is up to date.
2026-04-07 18:00:32 Loaded main app package /opt/Obsidian/resources/obsidian.asar
2026-04-07 18:00:32 Checking for update using Github
2026-04-07 18:00:32 Success.
2026-04-07 18:00:32 Latest version is 1.12.7
2026-04-07 18:00:32 App is up to date.
